<?xml version="1.0" encoding="UTF-8"?>
<!-- Generated by org.testng.reporters.JUnitReportReporter -->
<testsuite hostname="DESKTOP-4LNCIFR" failures="0" tests="1" name="testcases.DashBoardTest" time="0.000" errors="0" timestamp="2024-03-01T14:48:03 IST" skipped="1">
  <testcase classname="testcases.DashBoardTest" name="search" time="0.000">
    <skipped/>
  </testcase> <!-- search -->
  <system-out/>
</testsuite> <!-- testcases.DashBoardTest -->
