<?xml version="1.0" encoding="UTF-8"?>
<!-- Generated by org.testng.reporters.JUnitReportReporter -->
<testsuite hostname="DESKTOP-4LNCIFR" failures="0" tests="2" name="testcases.LoginTest" time="0.000" errors="0" timestamp="2024-01-30T01:08:30 IST" skipped="2">
  <testcase classname="testcases.LoginTest" name="loginToApp" time="0.000">
    <skipped/>
  </testcase> <!-- loginToApp -->
  <system-out/>
  <testcase classname="testcases.LoginTest" name="verifyUrl" time="0.000">
    <skipped/>
  </testcase> <!-- verifyUrl -->
  <system-out/>
</testsuite> <!-- testcases.LoginTest -->
